rtclib/build/intermediates/manifest_merge_blame_file/debug/manifest-merger-blame-debug-report.txt
1<?xml version="1.0" encoding="utf-8"?>
2<manifest xmlns:android="http://schemas.android.com/apk/res/android"
3    package="cn.rongcloud.rtclib" >
4
5    <uses-sdk
6        android:minSdkVersion="19"
6-->RongCloud_QuickDemo_Android/rtclib/AndroidManifest.xml
7        android:targetSdkVersion="31" />
7-->RongCloud_QuickDemo_Android/rtclib/AndroidManifest.xml
8    <!-- <uses-permission android:name="android.permission.BLUETOOTH_ADMIN" /> -->
9    <!-- <uses-permission android:name="android.permission.BLUETOOTH" /> -->
10    <!-- <uses-permission android:name="android.permission.BLUETOOTH_CONNECT" /> -->
11    <!-- <uses-permission android:name="android.permission.CAMERA" /> -->
12    <!-- <uses-permission android:name="android.permission.CHANGE_NETWORK_STATE" /> -->
13    <!-- <uses-permission android:name="android.permission.MODIFY_AUDIO_SETTINGS" /> -->
14    <!-- <uses-permission android:name="android.permission.RECORD_AUDIO" /> -->
15    <!-- <uses-permission android:name="android.permission.INTERNET" /> -->
16    <!-- <uses-permission android:name="android.permission.WRITE_EXTERNAL_STORAGE" /> -->
17    <!-- <uses-permission android:name="android.permission.ACCESS_NETWORK_STATE" /> -->
18    <!-- <uses-permission android:name="android.permission.ACCESS_WIFI_STATE" /> -->
19    <!-- <uses-permission android:name="android.permission.READ_PHONE_STATE" /> -->
20    <!-- <uses-permission android:name="android.permission.READ_EXTERNAL_STORAGE" /> -->
21    <!-- <uses-permission android:name="android.permission.REQUEST_INSTALL_PACKAGES" /> -->
22    <application android:supportsRtl="true" >
22-->RongCloud_QuickDemo_Android/rtclib/AndroidManifest.xml:19:5-24:19
22-->RongCloud_QuickDemo_Android/rtclib/AndroidManifest.xml:20:9-35
23        <meta-data
23-->RongCloud_QuickDemo_Android/rtclib/AndroidManifest.xml:21:9-23:64
24            android:name="rc.rtclib"
24-->RongCloud_QuickDemo_Android/rtclib/AndroidManifest.xml:22:13-37
25            android:value="cn.rongcloud.rtc.api.RCRTCEngine" />
25-->RongCloud_QuickDemo_Android/rtclib/AndroidManifest.xml:23:13-61
26    </application>
27
28</manifest>